<?xml version="1.0" encoding="UTF-8"?>
<!-- Generated by org.testng.reporters.JUnitReportReporter -->
<testsuite hostname="DESKTOP-59OQGBR" failures="0" tests="1" name="axetestcases.testcaseone" time="4.962" errors="0" timestamp="2022-04-26T15:56:38 PDT" skipped="0">
  <testcase classname="axetestcases.testcaseone" name="checkAccessibility" time="4.962"/>
  <system-out/>
</testsuite> <!-- axetestcases.testcaseone -->
